1643895235340	geckodriver	INFO	Listening on 127.0.0.1:30050
1643895238389	mozrunner::runner	INFO	Running command: "C:\\Program Files\\Mozilla Firefox\\firefox.exe" "--marionette" "--remote-debugging-port" "30051" "-no-remote" "-profile" "C:\\Users\\Daddy\\AppData\\Local\\Temp\\rust_mozprofiledoejhJ"
1643895238877	Marionette	INFO	Marionette enabled
console.warn: SearchSettings: "get: No settings file exists, new profile?" (new NotFoundError("Could not open the file at C:\\Users\\Daddy\\AppData\\Local\\Temp\\rust_mozprofiledoejhJ\\search.json.mozlz4", (void 0)))
DevTools listening on ws://localhost:30051/devtools/browser/518024f1-92a9-4675-b01f-9a12544c4767
1643895241183	Marionette	INFO	Listening on port 30056
1643895241630	RemoteAgent	WARN	TLS certificate errors will be ignored for this session
JavaScript error: http://inventwithpython.com/js/bootstrap.min.js, line 7: Error: Bootstrap tooltips require Tether (http://tether.io/)
1643895265504	geckodriver	INFO	Listening on 127.0.0.1:30108
1643895268575	mozrunner::runner	INFO	Running command: "C:\\Program Files\\Mozilla Firefox\\firefox.exe" "--marionette" "--remote-debugging-port" "30109" "-no-remote" "-profile" "C:\\Users\\Daddy\\AppData\\Local\\Temp\\rust_mozprofile2T9sP3"
1643895269020	Marionette	INFO	Marionette enabled
console.warn: SearchSettings: "get: No settings file exists, new profile?" (new NotFoundError("Could not open the file at C:\\Users\\Daddy\\AppData\\Local\\Temp\\rust_mozprofile2T9sP3\\search.json.mozlz4", (void 0)))
DevTools listening on ws://localhost:30109/devtools/browser/6072bf51-c31b-4869-8028-be988e881f67
1643895271293	Marionette	INFO	Listening on port 30114
1643895271746	RemoteAgent	WARN	TLS certificate errors will be ignored for this session
JavaScript error: http://inventwithpython.com/js/bootstrap.min.js, line 7: Error: Bootstrap tooltips require Tether (http://tether.io/)
1643895427855	geckodriver	INFO	Listening on 127.0.0.1:30207
1643895430922	mozrunner::runner	INFO	Running command: "C:\\Program Files\\Mozilla Firefox\\firefox.exe" "--marionette" "--remote-debugging-port" "30208" "-no-remote" "-profile" "C:\\Users\\Daddy\\AppData\\Local\\Temp\\rust_mozprofileKM46WM"
1643895431421	Marionette	INFO	Marionette enabled
console.warn: SearchSettings: "get: No settings file exists, new profile?" (new NotFoundError("Could not open the file at C:\\Users\\Daddy\\AppData\\Local\\Temp\\rust_mozprofileKM46WM\\search.json.mozlz4", (void 0)))
DevTools listening on ws://localhost:30208/devtools/browser/6fd13b40-8181-4d8d-8639-c5d86d7e6026
1643895433853	Marionette	INFO	Listening on port 30213
1643895434103	RemoteAgent	WARN	TLS certificate errors will be ignored for this session
JavaScript error: http://inventwithpython.com/js/bootstrap.min.js, line 7: Error: Bootstrap tooltips require Tether (http://tether.io/)
console.warn: LoginRecipes: "getRecipes: falling back to a synchronous message for:" "http://inventwithpython.com"
1643895692194	geckodriver	INFO	Listening on 127.0.0.1:30340
1643895695259	mozrunner::runner	INFO	Running command: "C:\\Program Files\\Mozilla Firefox\\firefox.exe" "--marionette" "--remote-debugging-port" "30341" "-no-remote" "-profile" "C:\\Users\\Daddy\\AppData\\Local\\Temp\\rust_mozprofileuwR89J"
1643895695754	Marionette	INFO	Marionette enabled
console.warn: SearchSettings: "get: No settings file exists, new profile?" (new NotFoundError("Could not open the file at C:\\Users\\Daddy\\AppData\\Local\\Temp\\rust_mozprofileuwR89J\\search.json.mozlz4", (void 0)))
DevTools listening on ws://localhost:30341/devtools/browser/4bd9149d-8d36-40bc-af6a-d275a4ad24ed
1643895698215	Marionette	INFO	Listening on port 30348
1643895698448	RemoteAgent	WARN	TLS certificate errors will be ignored for this session
JavaScript error: , line 0: NS_ERROR_NOT_AVAILABLE
1643898589993	geckodriver	INFO	Listening on 127.0.0.1:33357
1643898593040	mozrunner::runner	INFO	Running command: "C:\\Program Files\\Mozilla Firefox\\firefox.exe" "--marionette" "--remote-debugging-port" "33358" "-no-remote" "-profile" "C:\\Users\\Daddy\\AppData\\Local\\Temp\\rust_mozprofileQZcMu8"
1643898593509	Marionette	INFO	Marionette enabled
console.warn: SearchSettings: "get: No settings file exists, new profile?" (new NotFoundError("Could not open the file at C:\\Users\\Daddy\\AppData\\Local\\Temp\\rust_mozprofileQZcMu8\\search.json.mozlz4", (void 0)))
DevTools listening on ws://localhost:33358/devtools/browser/5489658c-6253-4d06-b51d-ca9488cad4d3
1643898595856	Marionette	INFO	Listening on port 33365
1643898596212	RemoteAgent	WARN	TLS certificate errors will be ignored for this session
1643898672653	geckodriver	INFO	Listening on 127.0.0.1:17805
1643898675686	mozrunner::runner	INFO	Running command: "C:\\Program Files\\Mozilla Firefox\\firefox.exe" "--marionette" "--remote-debugging-port" "17806" "-no-remote" "-profile" "C:\\Users\\Daddy\\AppData\\Local\\Temp\\rust_mozprofile47nBql"
1643898676430	Marionette	INFO	Marionette enabled
console.warn: SearchSettings: "get: No settings file exists, new profile?" (new NotFoundError("Could not open the file at C:\\Users\\Daddy\\AppData\\Local\\Temp\\rust_mozprofile47nBql\\search.json.mozlz4", (void 0)))
DevTools listening on ws://localhost:17806/devtools/browser/56c0b546-f233-4247-8c14-a6c9afabbbd2
1643898679157	Marionette	INFO	Listening on port 17812
1643898679382	RemoteAgent	WARN	TLS certificate errors will be ignored for this session
1643898775309	geckodriver	INFO	Listening on 127.0.0.1:28008
1643898778308	mozrunner::runner	INFO	Running command: "C:\\Program Files\\Mozilla Firefox\\firefox.exe" "--marionette" "--remote-debugging-port" "28009" "-no-remote" "-profile" "C:\\Users\\Daddy\\AppData\\Local\\Temp\\rust_mozprofileXUnFL6"
1643898779170	Marionette	INFO	Marionette enabled
console.warn: SearchSettings: "get: No settings file exists, new profile?" (new NotFoundError("Could not open the file at C:\\Users\\Daddy\\AppData\\Local\\Temp\\rust_mozprofileXUnFL6\\search.json.mozlz4", (void 0)))
DevTools listening on ws://localhost:28009/devtools/browser/ef3e0a42-34df-417c-8d02-20022504efc6
1643898782631	Marionette	INFO	Listening on port 28031
1643898783128	RemoteAgent	WARN	TLS certificate errors will be ignored for this session
1643898803424	geckodriver	INFO	Listening on 127.0.0.1:28108
1643898806422	mozrunner::runner	INFO	Running command: "C:\\Program Files\\Mozilla Firefox\\firefox.exe" "--marionette" "--remote-debugging-port" "28109" "-no-remote" "-profile" "C:\\Users\\Daddy\\AppData\\Local\\Temp\\rust_mozprofilejRpJ6s"
1643898806928	Marionette	INFO	Marionette enabled
console.warn: SearchSettings: "get: No settings file exists, new profile?" (new NotFoundError("Could not open the file at C:\\Users\\Daddy\\AppData\\Local\\Temp\\rust_mozprofilejRpJ6s\\search.json.mozlz4", (void 0)))
DevTools listening on ws://localhost:28109/devtools/browser/300597fe-5222-4ab0-9a5c-d3228cefb1f3
1643898809658	Marionette	INFO	Listening on port 28117
1643898810093	RemoteAgent	WARN	TLS certificate errors will be ignored for this session
1643898869263	geckodriver	INFO	Listening on 127.0.0.1:28210
1643898872345	mozrunner::runner	INFO	Running command: "C:\\Program Files\\Mozilla Firefox\\firefox.exe" "--marionette" "--remote-debugging-port" "28211" "-no-remote" "-profile" "C:\\Users\\Daddy\\AppData\\Local\\Temp\\rust_mozprofilee0ENrO"
1643898872878	Marionette	INFO	Marionette enabled
console.warn: SearchSettings: "get: No settings file exists, new profile?" (new NotFoundError("Could not open the file at C:\\Users\\Daddy\\AppData\\Local\\Temp\\rust_mozprofilee0ENrO\\search.json.mozlz4", (void 0)))
DevTools listening on ws://localhost:28211/devtools/browser/e647d6db-9874-4a6c-b362-87b3ee175bb5
1643898875714	Marionette	INFO	Listening on port 28217
1643898876031	RemoteAgent	WARN	TLS certificate errors will be ignored for this session
1643898912636	geckodriver	INFO	Listening on 127.0.0.1:28295
1643898915733	mozrunner::runner	INFO	Running command: "C:\\Program Files\\Mozilla Firefox\\firefox.exe" "--marionette" "--remote-debugging-port" "28296" "-no-remote" "-profile" "C:\\Users\\Daddy\\AppData\\Local\\Temp\\rust_mozprofileDGz8k6"
1643898916292	Marionette	INFO	Marionette enabled
console.warn: SearchSettings: "get: No settings file exists, new profile?" (new NotFoundError("Could not open the file at C:\\Users\\Daddy\\AppData\\Local\\Temp\\rust_mozprofileDGz8k6\\search.json.mozlz4", (void 0)))
DevTools listening on ws://localhost:28296/devtools/browser/004419ef-7b6c-42f6-b3fc-d7c20be32e05
1643898920213	Marionette	INFO	Listening on port 28302
1643898920566	RemoteAgent	WARN	TLS certificate errors will be ignored for this session
1643898954785	geckodriver	INFO	Listening on 127.0.0.1:28381
1643898957817	mozrunner::runner	INFO	Running command: "C:\\Program Files\\Mozilla Firefox\\firefox.exe" "--marionette" "--remote-debugging-port" "28382" "-no-remote" "-profile" "C:\\Users\\Daddy\\AppData\\Local\\Temp\\rust_mozprofileSZ25mb"
1643898958445	Marionette	INFO	Marionette enabled
console.warn: SearchSettings: "get: No settings file exists, new profile?" (new NotFoundError("Could not open the file at C:\\Users\\Daddy\\AppData\\Local\\Temp\\rust_mozprofileSZ25mb\\search.json.mozlz4", (void 0)))
DevTools listening on ws://localhost:28382/devtools/browser/34ee38e5-58c5-44eb-ac3c-cb9b81282878
1643898961575	Marionette	INFO	Listening on port 28395
1643898962015	RemoteAgent	WARN	TLS certificate errors will be ignored for this session
1643899091812	geckodriver	INFO	Listening on 127.0.0.1:28591
1643899094851	mozrunner::runner	INFO	Running command: "C:\\Program Files\\Mozilla Firefox\\firefox.exe" "--marionette" "--remote-debugging-port" "28592" "-no-remote" "-profile" "C:\\Users\\Daddy\\AppData\\Local\\Temp\\rust_mozprofileiDFy8D"
1643899095910	Marionette	INFO	Marionette enabled
console.warn: SearchSettings: "get: No settings file exists, new profile?" (new NotFoundError("Could not open the file at C:\\Users\\Daddy\\AppData\\Local\\Temp\\rust_mozprofileiDFy8D\\search.json.mozlz4", (void 0)))
DevTools listening on ws://localhost:28592/devtools/browser/278daff0-c982-49b2-9b37-82d329f61163
1643899099610	Marionette	INFO	Listening on port 28602
1643899099694	RemoteAgent	WARN	TLS certificate errors will be ignored for this session
1643899176715	geckodriver	INFO	Listening on 127.0.0.1:28747
1643899179752	mozrunner::runner	INFO	Running command: "C:\\Program Files\\Mozilla Firefox\\firefox.exe" "--marionette" "--remote-debugging-port" "28748" "-no-remote" "-profile" "C:\\Users\\Daddy\\AppData\\Local\\Temp\\rust_mozprofile4R6mWn"
1643899180357	Marionette	INFO	Marionette enabled
console.warn: SearchSettings: "get: No settings file exists, new profile?" (new NotFoundError("Could not open the file at C:\\Users\\Daddy\\AppData\\Local\\Temp\\rust_mozprofile4R6mWn\\search.json.mozlz4", (void 0)))
DevTools listening on ws://localhost:28748/devtools/browser/6878a00f-9860-4759-aed5-a480de6f7751
1643899183787	Marionette	INFO	Listening on port 28756
1643899183949	RemoteAgent	WARN	TLS certificate errors will be ignored for this session
1643899225914	geckodriver	INFO	Listening on 127.0.0.1:28859
1643899228961	mozrunner::runner	INFO	Running command: "C:\\Program Files\\Mozilla Firefox\\firefox.exe" "--marionette" "--remote-debugging-port" "28860" "-no-remote" "-profile" "C:\\Users\\Daddy\\AppData\\Local\\Temp\\rust_mozprofilenQJyCM"
1643899229690	Marionette	INFO	Marionette enabled
console.warn: SearchSettings: "get: No settings file exists, new profile?" (new NotFoundError("Could not open the file at C:\\Users\\Daddy\\AppData\\Local\\Temp\\rust_mozprofilenQJyCM\\search.json.mozlz4", (void 0)))
DevTools listening on ws://localhost:28860/devtools/browser/5527799e-5763-4240-8596-a9368825d92b
1643899232984	Marionette	INFO	Listening on port 28869
1643899233160	RemoteAgent	WARN	TLS certificate errors will be ignored for this session
1643899923157	geckodriver	INFO	Listening on 127.0.0.1:29608
1643899926200	mozrunner::runner	INFO	Running command: "C:\\Program Files\\Mozilla Firefox\\firefox.exe" "--marionette" "--remote-debugging-port" "29609" "-no-remote" "-profile" "C:\\Users\\Daddy\\AppData\\Local\\Temp\\rust_mozprofileAhmooC"
1643899926846	Marionette	INFO	Marionette enabled
console.warn: SearchSettings: "get: No settings file exists, new profile?" (new NotFoundError("Could not open the file at C:\\Users\\Daddy\\AppData\\Local\\Temp\\rust_mozprofileAhmooC\\search.json.mozlz4", (void 0)))
DevTools listening on ws://localhost:29609/devtools/browser/9e1e7529-93ec-45d6-bf26-708f3cf6c895
1643899930376	Marionette	INFO	Listening on port 29616
1643899930430	RemoteAgent	WARN	TLS certificate errors will be ignored for this session
1643900646460	geckodriver	INFO	Listening on 127.0.0.1:1247
1643900649503	mozrunner::runner	INFO	Running command: "C:\\Program Files\\Mozilla Firefox\\firefox.exe" "--marionette" "--remote-debugging-port" "1248" "-no-remote" "-profile" "C:\\Users\\Daddy\\AppData\\Local\\Temp\\rust_mozprofileYKN1FG"
1643900650083	Marionette	INFO	Marionette enabled
console.warn: SearchSettings: "get: No settings file exists, new profile?" (new NotFoundError("Could not open the file at C:\\Users\\Daddy\\AppData\\Local\\Temp\\rust_mozprofileYKN1FG\\search.json.mozlz4", (void 0)))
DevTools listening on ws://localhost:1248/devtools/browser/68f340eb-0780-4abe-8dc3-f89d1a6658e0
1643900652845	Marionette	INFO	Listening on port 1257
1643900653182	RemoteAgent	WARN	TLS certificate errors will be ignored for this session
1643900722193	geckodriver	INFO	Listening on 127.0.0.1:1394
1643900725242	mozrunner::runner	INFO	Running command: "C:\\Program Files\\Mozilla Firefox\\firefox.exe" "--marionette" "--remote-debugging-port" "1395" "-no-remote" "-profile" "C:\\Users\\Daddy\\AppData\\Local\\Temp\\rust_mozprofileXZCdno"
1643900725749	Marionette	INFO	Marionette enabled
console.warn: SearchSettings: "get: No settings file exists, new profile?" (new NotFoundError("Could not open the file at C:\\Users\\Daddy\\AppData\\Local\\Temp\\rust_mozprofileXZCdno\\search.json.mozlz4", (void 0)))
DevTools listening on ws://localhost:1395/devtools/browser/9f8787c4-11ea-45f0-ad18-e6882418eaa5
1643900728603	Marionette	INFO	Listening on port 1403
1643900728935	RemoteAgent	WARN	TLS certificate errors will be ignored for this session
1643900751028	geckodriver	INFO	Listening on 127.0.0.1:1487
1643900754053	mozrunner::runner	INFO	Running command: "C:\\Program Files\\Mozilla Firefox\\firefox.exe" "--marionette" "--remote-debugging-port" "1488" "-no-remote" "-profile" "C:\\Users\\Daddy\\AppData\\Local\\Temp\\rust_mozprofilehsFkmD"
1643900754564	Marionette	INFO	Marionette enabled
console.warn: SearchSettings: "get: No settings file exists, new profile?" (new NotFoundError("Could not open the file at C:\\Users\\Daddy\\AppData\\Local\\Temp\\rust_mozprofilehsFkmD\\search.json.mozlz4", (void 0)))
DevTools listening on ws://localhost:1488/devtools/browser/4b098128-81f0-4b88-b38a-055b3641071e
1643900757534	Marionette	INFO	Listening on port 1497
1643900757755	RemoteAgent	WARN	TLS certificate errors will be ignored for this session
1643900796502	geckodriver	INFO	Listening on 127.0.0.1:1595
1643900799556	mozrunner::runner	INFO	Running command: "C:\\Program Files\\Mozilla Firefox\\firefox.exe" "--marionette" "--remote-debugging-port" "1596" "-no-remote" "-profile" "C:\\Users\\Daddy\\AppData\\Local\\Temp\\rust_mozprofilepqmqxZ"
1643900800122	Marionette	INFO	Marionette enabled
console.warn: SearchSettings: "get: No settings file exists, new profile?" (new NotFoundError("Could not open the file at C:\\Users\\Daddy\\AppData\\Local\\Temp\\rust_mozprofilepqmqxZ\\search.json.mozlz4", (void 0)))
DevTools listening on ws://localhost:1596/devtools/browser/fe1ea76c-84c2-4d87-ad91-ab1357521857
1643900803302	Marionette	INFO	Listening on port 1605
1643900803769	RemoteAgent	WARN	TLS certificate errors will be ignored for this session
1643901303105	geckodriver	INFO	Listening on 127.0.0.1:2137
1643901306133	mozrunner::runner	INFO	Running command: "C:\\Program Files\\Mozilla Firefox\\firefox.exe" "--marionette" "--remote-debugging-port" "2138" "-no-remote" "-profile" "C:\\Users\\Daddy\\AppData\\Local\\Temp\\rust_mozprofile6OHy5X"
1643901306787	Marionette	INFO	Marionette enabled
console.warn: SearchSettings: "get: No settings file exists, new profile?" (new NotFoundError("Could not open the file at C:\\Users\\Daddy\\AppData\\Local\\Temp\\rust_mozprofile6OHy5X\\search.json.mozlz4", (void 0)))
DevTools listening on ws://localhost:2138/devtools/browser/54b60baa-6e7e-4888-b09f-ae4af5254b19
1643901309666	Marionette	INFO	Listening on port 2145
1643901309844	RemoteAgent	WARN	TLS certificate errors will be ignored for this session
1643901964291	geckodriver	INFO	Listening on 127.0.0.1:1064
1643901967360	mozrunner::runner	INFO	Running command: "C:\\Program Files\\Mozilla Firefox\\firefox.exe" "--marionette" "--remote-debugging-port" "1065" "-no-remote" "-profile" "C:\\Users\\Daddy\\AppData\\Local\\Temp\\rust_mozprofiledQizUP"
1643901968343	Marionette	INFO	Marionette enabled
console.warn: SearchSettings: "get: No settings file exists, new profile?" (new NotFoundError("Could not open the file at C:\\Users\\Daddy\\AppData\\Local\\Temp\\rust_mozprofiledQizUP\\search.json.mozlz4", (void 0)))
DevTools listening on ws://localhost:1065/devtools/browser/6390ecf9-15e3-45e1-8500-95612a16e0dc
1643901972025	Marionette	INFO	Listening on port 1075
1643901972191	RemoteAgent	WARN	TLS certificate errors will be ignored for this session
1643901995937	geckodriver	INFO	Listening on 127.0.0.1:1202
1643901998980	mozrunner::runner	INFO	Running command: "C:\\Program Files\\Mozilla Firefox\\firefox.exe" "--marionette" "--remote-debugging-port" "1203" "-no-remote" "-profile" "C:\\Users\\Daddy\\AppData\\Local\\Temp\\rust_mozprofilettjOoL"
1643901999652	Marionette	INFO	Marionette enabled
console.warn: SearchSettings: "get: No settings file exists, new profile?" (new NotFoundError("Could not open the file at C:\\Users\\Daddy\\AppData\\Local\\Temp\\rust_mozprofilettjOoL\\search.json.mozlz4", (void 0)))
DevTools listening on ws://localhost:1203/devtools/browser/b14bf0b0-1a62-49bb-9225-eb872a50a9bd
1643902002880	Marionette	INFO	Listening on port 1210
1643902003175	RemoteAgent	WARN	TLS certificate errors will be ignored for this session
1643903355941	geckodriver	INFO	Listening on 127.0.0.1:1094
1643903359021	mozrunner::runner	INFO	Running command: "C:\\Program Files\\Mozilla Firefox\\firefox.exe" "--marionette" "--remote-debugging-port" "1095" "-no-remote" "-profile" "C:\\Users\\Daddy\\AppData\\Local\\Temp\\rust_mozprofileV2GIgX"
1643903360171	Marionette	INFO	Marionette enabled
console.warn: SearchSettings: "get: No settings file exists, new profile?" (new NotFoundError("Could not open the file at C:\\Users\\Daddy\\AppData\\Local\\Temp\\rust_mozprofileV2GIgX\\search.json.mozlz4", (void 0)))
DevTools listening on ws://localhost:1095/devtools/browser/110f70e7-630e-4746-80d4-7a6f8c9b67b9
1643903363001	Marionette	INFO	Listening on port 1101
1643903363217	RemoteAgent	WARN	TLS certificate errors will be ignored for this session
1643903390473	geckodriver	INFO	Listening on 127.0.0.1:1204
1643903393530	mozrunner::runner	INFO	Running command: "C:\\Program Files\\Mozilla Firefox\\firefox.exe" "--marionette" "--remote-debugging-port" "1205" "-no-remote" "-profile" "C:\\Users\\Daddy\\AppData\\Local\\Temp\\rust_mozprofiletbObkA"
1643903394053	Marionette	INFO	Marionette enabled
console.warn: SearchSettings: "get: No settings file exists, new profile?" (new NotFoundError("Could not open the file at C:\\Users\\Daddy\\AppData\\Local\\Temp\\rust_mozprofiletbObkA\\search.json.mozlz4", (void 0)))
DevTools listening on ws://localhost:1205/devtools/browser/6527978e-b3cd-4109-be4c-3f2b2fc04b02
1643903396492	Marionette	INFO	Listening on port 1211
1643903396715	RemoteAgent	WARN	TLS certificate errors will be ignored for this session
1643903446699	geckodriver	INFO	Listening on 127.0.0.1:1298
1643903449762	mozrunner::runner	INFO	Running command: "C:\\Program Files\\Mozilla Firefox\\firefox.exe" "--marionette" "--remote-debugging-port" "1299" "-no-remote" "-profile" "C:\\Users\\Daddy\\AppData\\Local\\Temp\\rust_mozprofileFSjTBa"
1643903450406	Marionette	INFO	Marionette enabled
console.warn: SearchSettings: "get: No settings file exists, new profile?" (new NotFoundError("Could not open the file at C:\\Users\\Daddy\\AppData\\Local\\Temp\\rust_mozprofileFSjTBa\\search.json.mozlz4", (void 0)))
DevTools listening on ws://localhost:1299/devtools/browser/93b9f484-f60b-4831-8016-430e8ef68c48
1643903452876	Marionette	INFO	Listening on port 1307
1643903452955	RemoteAgent	WARN	TLS certificate errors will be ignored for this session
1643903514867	geckodriver	INFO	Listening on 127.0.0.1:1407
1643903517920	mozrunner::runner	INFO	Running command: "C:\\Program Files\\Mozilla Firefox\\firefox.exe" "--marionette" "--remote-debugging-port" "1408" "-no-remote" "-profile" "C:\\Users\\Daddy\\AppData\\Local\\Temp\\rust_mozprofilepTfQNg"
1643903518504	Marionette	INFO	Marionette enabled
console.warn: SearchSettings: "get: No settings file exists, new profile?" (new NotFoundError("Could not open the file at C:\\Users\\Daddy\\AppData\\Local\\Temp\\rust_mozprofilepTfQNg\\search.json.mozlz4", (void 0)))
DevTools listening on ws://localhost:1408/devtools/browser/d36954c8-9d72-4144-ae7a-cf94c923ec6d
1643903521071	Marionette	INFO	Listening on port 1414
1643903521121	RemoteAgent	WARN	TLS certificate errors will be ignored for this session
1643903565378	geckodriver	INFO	Listening on 127.0.0.1:1497
1643903568452	mozrunner::runner	INFO	Running command: "C:\\Program Files\\Mozilla Firefox\\firefox.exe" "--marionette" "--remote-debugging-port" "1498" "-no-remote" "-profile" "C:\\Users\\Daddy\\AppData\\Local\\Temp\\rust_mozprofileqcRiXB"
1643903569001	Marionette	INFO	Marionette enabled
console.warn: SearchSettings: "get: No settings file exists, new profile?" (new NotFoundError("Could not open the file at C:\\Users\\Daddy\\AppData\\Local\\Temp\\rust_mozprofileqcRiXB\\search.json.mozlz4", (void 0)))
DevTools listening on ws://localhost:1498/devtools/browser/bf62f504-779e-43ba-8fb0-aed2a60cc45e
1643903571489	Marionette	INFO	Listening on port 1504
1643903571631	RemoteAgent	WARN	TLS certificate errors will be ignored for this session
1643903709943	geckodriver	INFO	Listening on 127.0.0.1:1648
1643903713008	mozrunner::runner	INFO	Running command: "C:\\Program Files\\Mozilla Firefox\\firefox.exe" "--marionette" "--remote-debugging-port" "1649" "-no-remote" "-profile" "C:\\Users\\Daddy\\AppData\\Local\\Temp\\rust_mozprofileg7RvK5"
1643903713512	Marionette	INFO	Marionette enabled
console.warn: SearchSettings: "get: No settings file exists, new profile?" (new NotFoundError("Could not open the file at C:\\Users\\Daddy\\AppData\\Local\\Temp\\rust_mozprofileg7RvK5\\search.json.mozlz4", (void 0)))
DevTools listening on ws://localhost:1649/devtools/browser/976aac16-bc09-488b-a20e-1e5684694f51
1643903715892	Marionette	INFO	Listening on port 1655
1643903716206	RemoteAgent	WARN	TLS certificate errors will be ignored for this session
1643903768917	geckodriver	INFO	Listening on 127.0.0.1:1744
1643903771986	mozrunner::runner	INFO	Running command: "C:\\Program Files\\Mozilla Firefox\\firefox.exe" "--marionette" "--remote-debugging-port" "1745" "-no-remote" "-profile" "C:\\Users\\Daddy\\AppData\\Local\\Temp\\rust_mozprofilemHl579"
1643903772423	Marionette	INFO	Marionette enabled
console.warn: SearchSettings: "get: No settings file exists, new profile?" (new NotFoundError("Could not open the file at C:\\Users\\Daddy\\AppData\\Local\\Temp\\rust_mozprofilemHl579\\search.json.mozlz4", (void 0)))
DevTools listening on ws://localhost:1745/devtools/browser/bb6d6697-2765-478f-a886-788518274f29
1643903774776	Marionette	INFO	Listening on port 1752
1643903775156	RemoteAgent	WARN	TLS certificate errors will be ignored for this session
